<?xml version="1.0" encoding="utf-8"?><testsuites name="pytest tests"><testsuite name="pytest" errors="0" failures="1" skipped="0" tests="19" time="10.374" timestamp="2025-07-10T21:36:22.854265+00:00" hostname="DESKTOP-2CC3HA0"><testcase classname="tests.integration.test_postgres_mcp.TestPostgresMCPClient" name="test_mock_server_connection" time="0.027" /><testcase classname="tests.integration.test_postgres_mcp.TestPostgresMCPClient" name="test_mock_server_tools_discovery" time="0.051" /><testcase classname="tests.integration.test_postgres_mcp.TestPostgresMCPClient" name="test_mock_execute_query" time="0.038" /><testcase classname="tests.integration.test_postgres_mcp.TestPostgresMCPClient" name="test_mock_list_tables" time="0.038" /><testcase classname="tests.integration.test_postgres_mcp.TestPostgresMCPClient" name="test_mock_get_schema" time="0.026" /><testcase classname="tests.integration.test_postgres_mcp.TestPostgresMCPClient" name="test_mock_read_only_constraint" time="0.025" /><testcase classname="tests.integration.test_postgres_mcp.TestPostgresMCPClient" name="test_real_server_connection" time="1.381" /><testcase classname="tests.integration.test_postgres_mcp.TestPostgresMCPClient" name="test_real_execute_query" time="1.484" /><testcase classname="tests.integration.test_postgres_mcp.TestPostgresMCPClient" name="test_real_list_tables_via_query" time="1.432" /><testcase classname="tests.integration.test_postgres_mcp.TestPostgresMCPClient" name="test_tool_registry_integration" time="0.207" /><testcase classname="tests.integration.test_postgres_mcp.TestPostgresMCPClient" name="test_connection_failure_handling" time="0.717"><failure message="assert True is False">tests/integration/test_postgres_mcp.py:205: in test_connection_failure_handling
    assert connected is False
E   assert True is False</failure></testcase><testcase classname="tests.integration.test_postgres_mcp.TestPostgresMCPClient" name="test_invalid_query_handling" time="0.021" /><testcase classname="tests.integration.test_postgres_mcp.TestPostgresMCPClient" name="test_parameterized_queries" time="0.018" /><testcase classname="tests.integration.test_postgres_mcp.TestPostgresMCPClient" name="test_query_performance" time="0.016" /><testcase classname="tests.integration.test_postgres_mcp.TestPostgresMCPClient" name="test_multiple_connections" time="0.040" /><testcase classname="tests.integration.test_postgres_mcp.TestMockPostgresMCPServer" name="test_mock_server_initialization" time="0.004" /><testcase classname="tests.integration.test_postgres_mcp.TestMockPostgresMCPServer" name="test_mock_server_protocol" time="0.006" /><testcase classname="tests.integration.test_postgres_mcp.TestMockPostgresMCPServer" name="test_mock_data_queries" time="0.005" /><testcase classname="tests.integration.test_postgres_mcp" name="test_end_to_end_workflow" time="1.402" /></testsuite></testsuites>